(0000) 3000  0011000000000000 (  11)                 .ORIG x3000
(3000) 5020  0101000000100000 (  16) START           AND   R0 R0 #0
(3001) 5220  0101001000100000 (  17)                 AND   R1 R0 #0
(3002) 5420  0101010000100000 (  18)                 AND   R2 R0 #0
(3003) 5620  0101011000100000 (  19)                 AND   R3 R0 #0
(3004) 5820  0101100000100000 (  20)                 AND   R4 R0 #0
(3005) 5A20  0101101000100000 (  21)                 AND   R5 R0 #0
(3006) 5C20  0101110000100000 (  22)                 AND   R6 R0 #0
(3007) 5E20  0101111000100000 (  23)                 AND   R7 R0 #0
(3008) E06F  1110000001101111 (  26)                 LEA   R0 PROMPT
(3009) F022  1111000000100010 (  27)                 TRAP  x22
(300A) F020  1111000000100000 (  31)                 TRAP  x20
(300B) F021  1111000000100001 (  32)                 TRAP  x21
(300C) 1201  0001001000000001 (  33)                 ADD   R1 R0 R1
(300D) 2A4F  0010101001001111 (  34)                 LD    R5 ASCIIOFFSET
(300E) 1341  0001001101000001 (  35)                 ADD   R1 R5 R1
(300F) 3049  0011000001001001 (  38)                 ST    R0 USERINPUT
(3010) F020  1111000000100000 (  42)                 TRAP  x20
(3011) F021  1111000000100001 (  43)                 TRAP  x21
(3012) 1402  0001010000000010 (  44)                 ADD   R2 R0 R2
(3013) 1542  0001010101000010 (  45)                 ADD   R2 R5 R2
(3014) 4826  0100100000100110 (  49)                 JSR   MULT10
(3015) 3848  0011100001001000 (  50)                 ST    R4 MULT10VAL
(3016) B84E  1011100001001110 (  51)                 STI   R4 MULTADDR1
(3017) 3042  0011000001000010 (  54)                 ST    R0 USERINPUT1
(3018) E054  1110000001010100 (  58)                 LEA   R0 NEWLINE1
(3019) F022  1111000000100010 (  59)                 TRAP  x22
(301A) 1884  0001100010000100 (  62)                 ADD   R4 R2 R4
(301B) 3845  0011100001000101 (  63)                 ST    R4 INT1
(301C) B846  1011100001000110 (  64)                 STI   R4 INT1ADDR
(301D) 5020  0101000000100000 (  67)                 AND   R0 R0 #0
(301E) 5220  0101001000100000 (  68)                 AND   R1 R0 #0
(301F) 5420  0101010000100000 (  69)                 AND   R2 R0 #0
(3020) 5620  0101011000100000 (  70)                 AND   R3 R0 #0
(3021) 5820  0101100000100000 (  71)                 AND   R4 R0 #0
(3022) 5A20  0101101000100000 (  72)                 AND   R5 R0 #0
(3023) 5C20  0101110000100000 (  73)                 AND   R6 R0 #0
(3024) 5E20  0101111000100000 (  74)                 AND   R7 R0 #0
(3025) E052  1110000001010010 (  77)                 LEA   R0 PROMPT
(3026) F022  1111000000100010 (  78)                 TRAP  x22
(3027) F020  1111000000100000 (  82)                 TRAP  x20
(3028) F021  1111000000100001 (  83)                 TRAP  x21
(3029) 1201  0001001000000001 (  84)                 ADD   R1 R0 R1
(302A) 2A32  0010101000110010 (  85)                 LD    R5 ASCIIOFFSET
(302B) 1341  0001001101000001 (  86)                 ADD   R1 R5 R1
(302C) 302E  0011000000101110 (  89)                 ST    R0 USERINPUT3
(302D) 480D  0100100000001101 (  93)                 JSR   MULT10
(302E) 3830  0011100000110000 (  94)                 ST    R4 MULT10VAL2
(302F) B836  1011100000110110 (  95)                 STI   R4 MULTADDR2
(3030) F020  1111000000100000 (  99)                 TRAP  x20
(3031) F021  1111000000100001 ( 100)                 TRAP  x21
(3032) 1402  0001010000000010 ( 101)                 ADD   R2 R0 R2
(3033) 1542  0001010101000010 ( 102)                 ADD   R2 R5 R2
(3034) 3027  0011000000100111 ( 105)                 ST    R0 USERINPUT4
(3035) E037  1110000000110111 ( 108)                 LEA   R0 NEWLINE1
(3036) F022  1111000000100010 ( 109)                 TRAP  x22
(3037) 1884  0001100010000100 ( 112)                 ADD   R4 R2 R4
(3038) 3829  0011100000101001 ( 113)                 ST    R4 INT2
(3039) B82A  1011100000101010 ( 114)                 STI   R4 INT2ADDR
(303A) F025  1111000000100101 ( 116)                 TRAP  x25
(303B) 5020  0101000000100000 ( 119) MULT10          AND   R0 R0 #0
(303C) 102A  0001000000101010 ( 120)                 ADD   R0 R0 #10
(303D) 1901  0001100100000001 ( 122) M10LOOP         ADD   R4 R4 R1
(303E) 103F  0001000000111111 ( 123)                 ADD   R0 R0 #-1
(303F) 03FD  0000001111111101 ( 124)                 BRP   M10LOOP
(3040) C1C0  1100000111000000 ( 125)                 RET   
(3041) 5020  0101000000100000 ( 128) MULT2           AND   R0 R0 #0
(3042) 2C1D  0010110000011101 ( 129)                 LD    R6 MMASK
(3043) 102A  0001000000101010 ( 130)                 ADD   R0 R0 #10
(3044) 1922  0001100100100010 ( 132) M2LOOP          ADD   R4 R4 #2
(3045) 103F  0001000000111111 ( 133)                 ADD   R0 R0 #-1
(3046) 5906  0101100100000110 ( 134)                 AND   R4 R4 R6
(3047) 05FC  0000010111111100 ( 135)                 BRZ   M2LOOP
(3048) C1C0  1100000111000000 ( 136)                 RET   
(3049) 5020  0101000000100000 ( 140) MULT            AND   R0 R0 #0
(304A) 1001  0001000000000001 ( 141)                 ADD   R0 R0 R1
(304B) 1902  0001100100000010 ( 143) MLOOP           ADD   R4 R4 R2
(304C) 103F  0001000000111111 ( 144)                 ADD   R0 R0 #-1
(304D) 03FD  0000001111111101 ( 145)                 BRP   MLOOP
(304E) C1C0  1100000111000000 ( 146)                 RET   
(304F) 5020  0101000000100000 ( 149) DIV             AND   R0 R0 #0
(3050) 1001  0001000000000001 ( 150)                 ADD   R0 R0 R1
(3051) 5C20  0101110000100000 ( 151)                 AND   R6 R0 #0
(3052) 1DA1  0001110110100001 ( 153) DLOOP           ADD   R6 R6 #1
(3053) 1005  0001000000000101 ( 154)                 ADD   R0 R0 R5
(3054) 03FD  0000001111111101 ( 155)                 BRP   DLOOP
(3055) 0402  0000010000000010 ( 158)                 BRZ   STORE
(3056) 1002  0001000000000010 ( 159)                 ADD   R0 R0 R2
(3057) 1DBF  0001110110111111 ( 160)                 ADD   R6 R6 #-1
(3058) C1C0  1100000111000000 ( 163) STORE           RET   
(3059) 0000  0000000000000000 ( 169) USERINPUT       .FILL x0000
(305A) 0000  0000000000000000 ( 170) USERINPUT1      .FILL x0000
(305B) 0000  0000000000000000 ( 171) USERINPUT3      .FILL x0000
(305C) 0000  0000000000000000 ( 172) USERINPUT4      .FILL x0000
(305D) FFD0  1111111111010000 ( 173) ASCIIOFFSET     .FILL xFFD0
(305E) 0000  0000000000000000 ( 174) MULT10VAL       .FILL x0000
(305F) 0000  0000000000000000 ( 175) MULT10VAL2      .FILL x0000
(3060) 0400  0000010000000000 ( 176) MMASK           .FILL x0400
(3061) 0000  0000000000000000 ( 177) INT1            .FILL x0000
(3062) 0000  0000000000000000 ( 178) INT2            .FILL x0000
(3063) 3201  0011001000000001 ( 179) INT1ADDR        .FILL x3201
(3064) 3202  0011001000000010 ( 180) INT2ADDR        .FILL x3202
(3065) 3100  0011000100000000 ( 181) MULTADDR1       .FILL x3100
(3066) 3101  0011000100000001 ( 182) MULTADDR2       .FILL x3101
(3067) 000A  0000000000001010 ( 185) NEWLINE         .FILL x000A
(3068) 002D  0000000000101101 ( 185)                 .FILL x002D
(3069) 002D  0000000000101101 ( 185)                 .FILL x002D
(306A) 003E  0000000000111110 ( 185)                 .FILL x003E
(306B) 0020  0000000000100000 ( 185)                 .FILL x0020
(306C) 0000  0000000000000000 ( 185)                 .FILL x0000
(306D) 000A  0000000000001010 ( 186) NEWLINE1        .FILL x000A
(306E) 0000  0000000000000000 ( 186)                 .FILL x0000
(306F) 0057  0000000001010111 ( 187) GREETING        .FILL x0057
(3070) 0065  0000000001100101 ( 187)                 .FILL x0065
(3071) 006C  0000000001101100 ( 187)                 .FILL x006C
(3072) 0063  0000000001100011 ( 187)                 .FILL x0063
(3073) 006F  0000000001101111 ( 187)                 .FILL x006F
(3074) 006D  0000000001101101 ( 187)                 .FILL x006D
(3075) 0065  0000000001100101 ( 187)                 .FILL x0065
(3076) 002E  0000000000101110 ( 187)                 .FILL x002E
(3077) 0000  0000000000000000 ( 187)                 .FILL x0000
(3078) 0050  0000000001010000 ( 188) PROMPT          .FILL x0050
(3079) 006C  0000000001101100 ( 188)                 .FILL x006C
(307A) 0065  0000000001100101 ( 188)                 .FILL x0065
(307B) 0061  0000000001100001 ( 188)                 .FILL x0061
(307C) 0073  0000000001110011 ( 188)                 .FILL x0073
(307D) 0065  0000000001100101 ( 188)                 .FILL x0065
(307E) 0020  0000000000100000 ( 188)                 .FILL x0020
(307F) 0065  0000000001100101 ( 188)                 .FILL x0065
(3080) 006E  0000000001101110 ( 188)                 .FILL x006E
(3081) 0074  0000000001110100 ( 188)                 .FILL x0074
(3082) 0065  0000000001100101 ( 188)                 .FILL x0065
(3083) 0072  0000000001110010 ( 188)                 .FILL x0072
(3084) 0020  0000000000100000 ( 188)                 .FILL x0020
(3085) 0061  0000000001100001 ( 188)                 .FILL x0061
(3086) 0020  0000000000100000 ( 188)                 .FILL x0020
(3087) 006E  0000000001101110 ( 188)                 .FILL x006E
(3088) 0075  0000000001110101 ( 188)                 .FILL x0075
(3089) 006D  0000000001101101 ( 188)                 .FILL x006D
(308A) 0062  0000000001100010 ( 188)                 .FILL x0062
(308B) 0065  0000000001100101 ( 188)                 .FILL x0065
(308C) 0072  0000000001110010 ( 188)                 .FILL x0072
(308D) 0020  0000000000100000 ( 188)                 .FILL x0020
(308E) 0062  0000000001100010 ( 188)                 .FILL x0062
(308F) 0065  0000000001100101 ( 188)                 .FILL x0065
(3090) 0074  0000000001110100 ( 188)                 .FILL x0074
(3091) 0077  0000000001110111 ( 188)                 .FILL x0077
(3092) 0065  0000000001100101 ( 188)                 .FILL x0065
(3093) 0065  0000000001100101 ( 188)                 .FILL x0065
(3094) 006E  0000000001101110 ( 188)                 .FILL x006E
(3095) 0020  0000000000100000 ( 188)                 .FILL x0020
(3096) 0030  0000000000110000 ( 188)                 .FILL x0030
(3097) 002D  0000000000101101 ( 188)                 .FILL x002D
(3098) 0039  0000000000111001 ( 188)                 .FILL x0039
(3099) 0039  0000000000111001 ( 188)                 .FILL x0039
(309A) 003A  0000000000111010 ( 188)                 .FILL x003A
(309B) 0020  0000000000100000 ( 188)                 .FILL x0020
(309C) 0000  0000000000000000 ( 188)                 .FILL x0000
(309D) 0020  0000000000100000 ( 189) USERSTRING      .FILL x0020
(309E) 003C  0000000000111100 ( 189)                 .FILL x003C
(309F) 002D  0000000000101101 ( 189)                 .FILL x002D
(30A0) 002D  0000000000101101 ( 189)                 .FILL x002D
(30A1) 0020  0000000000100000 ( 189)                 .FILL x0020
(30A2) 0069  0000000001101001 ( 189)                 .FILL x0069
(30A3) 0073  0000000001110011 ( 189)                 .FILL x0073
(30A4) 0020  0000000000100000 ( 189)                 .FILL x0020
(30A5) 0074  0000000001110100 ( 189)                 .FILL x0074
(30A6) 0068  0000000001101000 ( 189)                 .FILL x0068
(30A7) 0065  0000000001100101 ( 189)                 .FILL x0065
(30A8) 0020  0000000000100000 ( 189)                 .FILL x0020
(30A9) 006E  0000000001101110 ( 189)                 .FILL x006E
(30AA) 0075  0000000001110101 ( 189)                 .FILL x0075
(30AB) 006D  0000000001101101 ( 189)                 .FILL x006D
(30AC) 0062  0000000001100010 ( 189)                 .FILL x0062
(30AD) 0065  0000000001100101 ( 189)                 .FILL x0065
(30AE) 0072  0000000001110010 ( 189)                 .FILL x0072
(30AF) 0020  0000000000100000 ( 189)                 .FILL x0020
(30B0) 0079  0000000001111001 ( 189)                 .FILL x0079
(30B1) 006F  0000000001101111 ( 189)                 .FILL x006F
(30B2) 0075  0000000001110101 ( 189)                 .FILL x0075
(30B3) 0020  0000000000100000 ( 189)                 .FILL x0020
(30B4) 0065  0000000001100101 ( 189)                 .FILL x0065
(30B5) 006E  0000000001101110 ( 189)                 .FILL x006E
(30B6) 0074  0000000001110100 ( 189)                 .FILL x0074
(30B7) 0065  0000000001100101 ( 189)                 .FILL x0065
(30B8) 0072  0000000001110010 ( 189)                 .FILL x0072
(30B9) 0065  0000000001100101 ( 189)                 .FILL x0065
(30BA) 0064  0000000001100100 ( 189)                 .FILL x0064
(30BB) 002E  0000000000101110 ( 189)                 .FILL x002E
(30BC) 000A  0000000000001010 ( 189)                 .FILL x000A
(30BD) 0000  0000000000000000 ( 189)                 .FILL x0000
(30BE) 0020  0000000000100000 ( 190) USERSTRING1     .FILL x0020
(30BF) 003C  0000000000111100 ( 190)                 .FILL x003C
(30C0) 002D  0000000000101101 ( 190)                 .FILL x002D
(30C1) 002D  0000000000101101 ( 190)                 .FILL x002D
(30C2) 0020  0000000000100000 ( 190)                 .FILL x0020
(30C3) 0069  0000000001101001 ( 190)                 .FILL x0069
(30C4) 0073  0000000001110011 ( 190)                 .FILL x0073
(30C5) 0020  0000000000100000 ( 190)                 .FILL x0020
(30C6) 0074  0000000001110100 ( 190)                 .FILL x0074
(30C7) 0068  0000000001101000 ( 190)                 .FILL x0068
(30C8) 0065  0000000001100101 ( 190)                 .FILL x0065
(30C9) 0020  0000000000100000 ( 190)                 .FILL x0020
(30CA) 006E  0000000001101110 ( 190)                 .FILL x006E
(30CB) 0075  0000000001110101 ( 190)                 .FILL x0075
(30CC) 006D  0000000001101101 ( 190)                 .FILL x006D
(30CD) 0062  0000000001100010 ( 190)                 .FILL x0062
(30CE) 0065  0000000001100101 ( 190)                 .FILL x0065
(30CF) 0072  0000000001110010 ( 190)                 .FILL x0072
(30D0) 0020  0000000000100000 ( 190)                 .FILL x0020
(30D1) 0079  0000000001111001 ( 190)                 .FILL x0079
(30D2) 006F  0000000001101111 ( 190)                 .FILL x006F
(30D3) 0075  0000000001110101 ( 190)                 .FILL x0075
(30D4) 0020  0000000000100000 ( 190)                 .FILL x0020
(30D5) 0065  0000000001100101 ( 190)                 .FILL x0065
(30D6) 006E  0000000001101110 ( 190)                 .FILL x006E
(30D7) 0074  0000000001110100 ( 190)                 .FILL x0074
(30D8) 0065  0000000001100101 ( 190)                 .FILL x0065
(30D9) 0072  0000000001110010 ( 190)                 .FILL x0072
(30DA) 0065  0000000001100101 ( 190)                 .FILL x0065
(30DB) 0064  0000000001100100 ( 190)                 .FILL x0064
(30DC) 002E  0000000000101110 ( 190)                 .FILL x002E
(30DD) 000A  0000000000001010 ( 190)                 .FILL x000A
(30DE) 0000  0000000000000000 ( 190)                 .FILL x0000
